2026-04-17 15:13:16 [ERROR] [global-service]: ❌ Redis error:
2026-04-17 15:13:17 [ERROR] [global-service]: ❌ Redis error:
2026-04-17 15:13:17 [ERROR] [global-service]: ❌ Redis error:
2026-04-17 15:13:18 [ERROR] [global-service]: ❌ Redis error:
2026-04-17 15:13:18 [ERROR] [global-service]: ❌ Redis error:
2026-04-17 15:13:19 [ERROR] [global-service]: ❌ Redis error:
2026-04-17 15:13:21 [ERROR] [global-service]: ❌ Redis error:
2026-04-17 15:13:22 [ERROR] [global-service]: ❌ Redis error:
2026-04-17 15:13:24 [ERROR] [global-service]: ❌ Redis error:
2026-04-17 15:13:25 [ERROR] [global-service]: ❌ Redis error:
2026-04-17 15:13:27 [ERROR] [global-service]: ❌ Redis error:
2026-04-17 15:14:08 [ERROR] [users-service]: [Welcome Bonus Failed] User USR-cb90a8db-afc9:
2026-04-17 17:16:20 [ERROR] [global-service]: ❌ Redis error:
2026-04-17 17:16:20 [ERROR] [global-service]: ❌ Redis error:
2026-04-17 17:16:20 [ERROR] [global-service]: ❌ Redis error:
2026-04-17 17:16:21 [ERROR] [global-service]: ❌ Redis error:
2026-04-17 17:16:22 [ERROR] [global-service]: ❌ Redis error:
2026-04-17 17:16:23 [ERROR] [global-service]: ❌ Redis error:
2026-04-17 17:16:24 [ERROR] [global-service]: ❌ Redis error:
2026-04-17 17:16:26 [ERROR] [global-service]: ❌ Redis error:
2026-04-17 17:16:27 [ERROR] [global-service]: ❌ Redis error:
2026-04-17 17:16:29 [ERROR] [global-service]: ❌ Redis error:
2026-04-17 17:16:31 [ERROR] [global-service]: ❌ Redis error:
2026-04-18 13:43:51 [ERROR] [global-service]: ❌ Redis error:
2026-04-18 13:43:52 [ERROR] [global-service]: ❌ Redis error:
2026-04-18 13:43:52 [ERROR] [global-service]: ❌ Redis error:
2026-04-18 13:43:53 [ERROR] [global-service]: ❌ Redis error:
2026-04-18 13:43:54 [ERROR] [global-service]: ❌ Redis error:
2026-04-18 13:43:55 [ERROR] [global-service]: ❌ Redis error:
2026-04-18 13:43:56 [ERROR] [global-service]: ❌ Redis error:
2026-04-18 13:43:57 [ERROR] [global-service]: ❌ Redis error:
2026-04-18 13:43:59 [ERROR] [global-service]: ❌ Redis error:
2026-04-18 13:44:01 [ERROR] [global-service]: ❌ Redis error:
2026-04-18 13:44:03 [ERROR] [global-service]: ❌ Redis error:
2026-04-18 15:26:02 [ERROR] [global-service]: ❌ Redis error:
2026-04-18 15:26:02 [ERROR] [global-service]: ❌ Redis error:
2026-04-18 15:26:03 [ERROR] [global-service]: ❌ Redis error:
2026-04-18 15:26:03 [ERROR] [global-service]: ❌ Redis error:
2026-04-18 15:26:04 [ERROR] [global-service]: ❌ Redis error:
2026-04-18 15:26:05 [ERROR] [global-service]: ❌ Redis error:
2026-04-18 15:26:06 [ERROR] [global-service]: ❌ Redis error:
2026-04-18 15:26:08 [ERROR] [global-service]: ❌ Redis error:
2026-04-18 15:26:10 [ERROR] [global-service]: ❌ Redis error:
2026-04-18 15:26:11 [ERROR] [global-service]: ❌ Redis error:
2026-04-18 15:26:13 [ERROR] [global-service]: ❌ Redis error:
2026-04-18 15:35:15 [ERROR] [global-service]: ❌ Redis error:
2026-04-18 15:35:15 [ERROR] [global-service]: ❌ Redis error:
2026-04-18 15:35:16 [ERROR] [global-service]: ❌ Redis error:
2026-04-18 15:35:16 [ERROR] [global-service]: ❌ Redis error:
2026-04-18 15:35:17 [ERROR] [global-service]: ❌ Redis error:
2026-04-18 15:35:19 [ERROR] [global-service]: ❌ Redis error:
2026-04-18 15:35:20 [ERROR] [global-service]: ❌ Redis error:
2026-04-18 15:35:21 [ERROR] [global-service]: ❌ Redis error:
2026-04-18 15:35:23 [ERROR] [global-service]: ❌ Redis error:
2026-04-18 15:35:25 [ERROR] [global-service]: ❌ Redis error:
2026-04-18 15:35:27 [ERROR] [global-service]: ❌ Redis error:
2026-04-18 16:15:54 [ERROR] [global-service]: ❌ Redis error:
2026-04-18 16:15:54 [ERROR] [global-service]: ❌ Redis error:
2026-04-18 16:15:55 [ERROR] [global-service]: ❌ Redis error:
2026-04-18 16:15:55 [ERROR] [global-service]: ❌ Redis error:
2026-04-18 16:15:56 [ERROR] [global-service]: ❌ Redis error:
2026-04-18 16:15:57 [ERROR] [global-service]: ❌ Redis error:
2026-04-18 16:15:58 [ERROR] [global-service]: ❌ Redis error:
2026-04-18 16:16:00 [ERROR] [global-service]: ❌ Redis error:
2026-04-18 16:16:01 [ERROR] [global-service]: ❌ Redis error:
2026-04-18 16:16:03 [ERROR] [global-service]: ❌ Redis error:
2026-04-18 16:16:05 [ERROR] [global-service]: ❌ Redis error:
2026-04-18 16:22:22 [ERROR] [global-service]: ❌ Redis error:
2026-04-18 16:22:22 [ERROR] [global-service]: ❌ Redis error:
2026-04-18 16:22:22 [ERROR] [global-service]: ❌ Redis error:
2026-04-18 16:22:23 [ERROR] [global-service]: ❌ Redis error:
2026-04-18 16:22:24 [ERROR] [global-service]: ❌ Redis error:
2026-04-18 16:22:25 [ERROR] [global-service]: ❌ Redis error:
2026-04-18 16:22:26 [ERROR] [global-service]: ❌ Redis error:
2026-04-18 16:22:28 [ERROR] [global-service]: ❌ Redis error:
2026-04-18 16:22:33 [ERROR] [global-service]: ❌ Redis error:
2026-04-18 16:22:34 [ERROR] [global-service]: ❌ Redis error:
2026-04-18 16:22:34 [ERROR] [global-service]: ❌ Redis error:
2026-04-18 16:22:35 [ERROR] [global-service]: ❌ Redis error:
2026-04-18 16:22:36 [ERROR] [global-service]: ❌ Redis error:
2026-04-18 16:22:37 [ERROR] [global-service]: ❌ Redis error:
2026-04-18 16:22:38 [ERROR] [global-service]: ❌ Redis error:
2026-04-18 16:22:39 [ERROR] [global-service]: ❌ Redis error:
2026-04-18 16:22:41 [ERROR] [global-service]: ❌ Redis error:
2026-04-18 16:22:48 [ERROR] [global-service]: ❌ Redis error:
2026-04-18 16:22:48 [ERROR] [global-service]: ❌ Redis error:
2026-04-18 16:22:49 [ERROR] [global-service]: ❌ Redis error:
2026-04-18 16:22:49 [ERROR] [global-service]: ❌ Redis error:
2026-04-18 16:22:50 [ERROR] [global-service]: ❌ Redis error:
2026-04-18 16:22:51 [ERROR] [global-service]: ❌ Redis error:
2026-04-18 16:22:52 [ERROR] [global-service]: ❌ Redis error:
2026-04-18 16:22:54 [ERROR] [global-service]: ❌ Redis error:
2026-04-18 16:22:56 [ERROR] [global-service]: ❌ Redis error:
2026-04-18 16:22:57 [ERROR] [global-service]: ❌ Redis error:
2026-04-18 16:22:59 [ERROR] [global-service]: ❌ Redis error:
2026-04-18 16:23:51 [ERROR] [users-service]: Error validating refresh token: Bind parameters must not contain undefined. To pass SQL NULL specify JS null | Error: Bind parameters must not contain undefined. To pass SQL NULL specify JS null
2026-04-18 16:25:01 [ERROR] [users-service]: Error validating refresh token: Bind parameters must not contain undefined. To pass SQL NULL specify JS null | Error: Bind parameters must not contain undefined. To pass SQL NULL specify JS null
2026-04-18 16:30:12 [ERROR] [global-service]: ❌ Redis error:
2026-04-18 16:30:12 [ERROR] [global-service]: ❌ Redis error:
2026-04-18 16:30:13 [ERROR] [global-service]: ❌ Redis error:
2026-04-18 16:30:13 [ERROR] [global-service]: ❌ Redis error:
2026-04-18 16:30:14 [ERROR] [global-service]: ❌ Redis error:
2026-04-18 16:30:15 [ERROR] [global-service]: ❌ Redis error:
2026-04-18 16:30:16 [ERROR] [global-service]: ❌ Redis error:
2026-04-18 16:30:18 [ERROR] [global-service]: ❌ Redis error:
2026-04-18 16:30:19 [ERROR] [global-service]: ❌ Redis error:
2026-04-18 16:30:25 [ERROR] [global-service]: ❌ Redis error:
2026-04-18 16:30:25 [ERROR] [global-service]: ❌ Redis error:
2026-04-18 16:30:25 [ERROR] [global-service]: ❌ Redis error:
2026-04-18 16:30:26 [ERROR] [global-service]: ❌ Redis error:
2026-04-18 16:30:27 [ERROR] [global-service]: ❌ Redis error:
2026-04-18 16:30:28 [ERROR] [global-service]: ❌ Redis error:
2026-04-18 16:30:29 [ERROR] [global-service]: ❌ Redis error:
2026-04-18 16:30:30 [ERROR] [global-service]: ❌ Redis error:
2026-04-18 16:30:32 [ERROR] [global-service]: ❌ Redis error:
2026-04-18 16:30:34 [ERROR] [global-service]: ❌ Redis error:
2026-04-18 16:30:34 [ERROR] [users-service]: Error validating refresh token: Bind parameters must not contain undefined. To pass SQL NULL specify JS null | Error: Bind parameters must not contain undefined. To pass SQL NULL specify JS null
2026-04-18 16:30:34 [ERROR] [users-service]: Error validating refresh token: Bind parameters must not contain undefined. To pass SQL NULL specify JS null | Error: Bind parameters must not contain undefined. To pass SQL NULL specify JS null
2026-04-18 16:30:36 [ERROR] [global-service]: ❌ Redis error:
2026-04-18 16:31:03 [ERROR] [global-service]: ❌ Redis error:
2026-04-18 16:31:04 [ERROR] [global-service]: ❌ Redis error:
2026-04-18 16:31:04 [ERROR] [global-service]: ❌ Redis error:
2026-04-18 16:31:05 [ERROR] [global-service]: ❌ Redis error:
2026-04-18 16:31:06 [ERROR] [global-service]: ❌ Redis error:
2026-04-18 16:31:07 [ERROR] [global-service]: ❌ Redis error:
2026-04-18 16:31:08 [ERROR] [global-service]: ❌ Redis error:
2026-04-18 16:31:09 [ERROR] [global-service]: ❌ Redis error:
2026-04-18 16:31:11 [ERROR] [global-service]: ❌ Redis error:
2026-04-18 16:31:13 [ERROR] [global-service]: ❌ Redis error:
2026-04-18 16:31:15 [ERROR] [global-service]: ❌ Redis error:
2026-04-18 16:31:40 [ERROR] [users-service]: Error validating refresh token: Bind parameters must not contain undefined. To pass SQL NULL specify JS null | Error: Bind parameters must not contain undefined. To pass SQL NULL specify JS null
2026-04-18 16:32:44 [ERROR] [users-service]: Error validating refresh token: Bind parameters must not contain undefined. To pass SQL NULL specify JS null | Error: Bind parameters must not contain undefined. To pass SQL NULL specify JS null
2026-04-18 16:34:47 [ERROR] [global-service]: ❌ Redis error:
2026-04-18 16:34:47 [ERROR] [global-service]: ❌ Redis error:
2026-04-18 16:34:48 [ERROR] [global-service]: ❌ Redis error:
2026-04-18 16:34:48 [ERROR] [global-service]: ❌ Redis error:
2026-04-18 16:34:49 [ERROR] [global-service]: ❌ Redis error:
2026-04-18 16:34:50 [ERROR] [global-service]: ❌ Redis error:
2026-04-18 16:34:51 [ERROR] [global-service]: ❌ Redis error:
2026-04-18 16:34:53 [ERROR] [global-service]: ❌ Redis error:
2026-04-18 16:34:54 [ERROR] [global-service]: ❌ Redis error:
2026-04-18 16:34:56 [ERROR] [global-service]: ❌ Redis error:
2026-04-18 16:34:58 [ERROR] [global-service]: ❌ Redis error:
2026-04-18 16:35:20 [ERROR] [users-service]: Error validating refresh token: Bind parameters must not contain undefined. To pass SQL NULL specify JS null | Error: Bind parameters must not contain undefined. To pass SQL NULL specify JS null
2026-04-18 16:35:21 [ERROR] [users-service]: Error validating refresh token: Bind parameters must not contain undefined. To pass SQL NULL specify JS null | Error: Bind parameters must not contain undefined. To pass SQL NULL specify JS null
2026-04-18 16:35:32 [ERROR] [users-service]: Refresh token error | ReferenceError: userInfo is not defined
2026-04-18 16:35:32 [ERROR] [users-service]: Refresh token error | ReferenceError: userInfo is not defined
2026-04-18 16:38:24 [ERROR] [global-service]: ❌ Redis error:
2026-04-18 16:38:24 [ERROR] [global-service]: ❌ Redis error:
2026-04-18 16:38:24 [ERROR] [global-service]: ❌ Redis error:
2026-04-18 16:38:25 [ERROR] [global-service]: ❌ Redis error:
2026-04-18 16:38:26 [ERROR] [global-service]: ❌ Redis error:
2026-04-18 16:38:27 [ERROR] [global-service]: ❌ Redis error:
2026-04-18 16:38:32 [ERROR] [global-service]: ❌ Redis error:
2026-04-18 16:38:32 [ERROR] [global-service]: ❌ Redis error:
2026-04-18 16:38:33 [ERROR] [global-service]: ❌ Redis error:
2026-04-18 16:38:34 [ERROR] [global-service]: ❌ Redis error:
2026-04-18 16:38:34 [ERROR] [global-service]: ❌ Redis error:
2026-04-18 16:38:35 [ERROR] [global-service]: ❌ Redis error:
2026-04-18 16:38:37 [ERROR] [global-service]: ❌ Redis error:
2026-04-18 16:38:38 [ERROR] [global-service]: ❌ Redis error:
2026-04-18 16:38:40 [ERROR] [global-service]: ❌ Redis error:
2026-04-18 16:38:41 [ERROR] [global-service]: ❌ Redis error:
2026-04-18 16:38:43 [ERROR] [global-service]: ❌ Redis error:
2026-04-18 17:17:36 [ERROR] [users-service]: [Welcome Bonus Failed] User USR-02e07410-8ef4:
2026-04-19 12:12:01 [ERROR] [global-service]: ❌ Redis error:
2026-04-19 12:12:01 [ERROR] [global-service]: ❌ Redis error:
2026-04-19 12:12:01 [ERROR] [global-service]: ❌ Redis error:
2026-04-19 12:12:02 [ERROR] [global-service]: ❌ Redis error:
2026-04-19 12:12:03 [ERROR] [global-service]: ❌ Redis error:
2026-04-19 12:12:04 [ERROR] [global-service]: ❌ Redis error:
2026-04-19 12:12:05 [ERROR] [global-service]: ❌ Redis error:
2026-04-19 12:12:06 [ERROR] [global-service]: ❌ Redis error:
2026-04-19 12:12:08 [ERROR] [global-service]: ❌ Redis error:
2026-04-19 12:12:10 [ERROR] [global-service]: ❌ Redis error:
2026-04-19 12:12:12 [ERROR] [global-service]: ❌ Redis error:
2026-04-20 13:09:09 [ERROR] [global-service]: ❌ Redis error:
2026-04-20 13:09:09 [ERROR] [global-service]: ❌ Redis error:
2026-04-20 13:09:10 [ERROR] [global-service]: ❌ Redis error:
2026-04-20 13:09:10 [ERROR] [global-service]: ❌ Redis error:
2026-04-20 13:09:11 [ERROR] [global-service]: ❌ Redis error:
2026-04-20 13:09:12 [ERROR] [global-service]: ❌ Redis error:
2026-04-20 13:09:13 [ERROR] [global-service]: ❌ Redis error:
2026-04-20 13:09:15 [ERROR] [global-service]: ❌ Redis error:
2026-04-20 13:09:16 [ERROR] [global-service]: ❌ Redis error:
2026-04-20 13:09:18 [ERROR] [global-service]: ❌ Redis error:
2026-04-20 13:09:20 [ERROR] [global-service]: ❌ Redis error:
2026-04-21 13:56:03 [ERROR] [global-service]: ❌ Redis error:
2026-04-21 13:56:03 [ERROR] [global-service]: ❌ Redis error:
2026-04-21 13:56:03 [ERROR] [global-service]: ❌ Redis error:
2026-04-21 13:56:04 [ERROR] [global-service]: ❌ Redis error:
2026-04-21 13:56:05 [ERROR] [global-service]: ❌ Redis error:
2026-04-21 13:56:06 [ERROR] [global-service]: ❌ Redis error:
2026-04-21 13:56:07 [ERROR] [global-service]: ❌ Redis error:
2026-04-21 13:56:08 [ERROR] [global-service]: ❌ Redis error:
2026-04-21 13:56:10 [ERROR] [global-service]: ❌ Redis error:
2026-04-21 13:56:12 [ERROR] [global-service]: ❌ Redis error:
2026-04-21 13:56:14 [ERROR] [global-service]: ❌ Redis error:
2026-04-22 19:23:34 [ERROR] [global-service]: ❌ Redis error:
2026-04-22 19:23:34 [ERROR] [global-service]: ❌ Redis error:
2026-04-22 19:23:34 [ERROR] [global-service]: ❌ Redis error:
2026-04-22 19:23:35 [ERROR] [global-service]: ❌ Redis error:
2026-04-22 19:23:36 [ERROR] [global-service]: ❌ Redis error:
2026-04-22 19:23:37 [ERROR] [global-service]: ❌ Redis error:
2026-04-22 19:23:38 [ERROR] [global-service]: ❌ Redis error:
2026-04-22 19:23:39 [ERROR] [global-service]: ❌ Redis error:
2026-04-22 19:23:41 [ERROR] [global-service]: ❌ Redis error:
2026-04-22 19:23:43 [ERROR] [global-service]: ❌ Redis error:
2026-04-22 19:23:45 [ERROR] [global-service]: ❌ Redis error:
2026-04-22 19:59:34 [ERROR] [global-service]: ❌ Redis error:
2026-04-22 19:59:34 [ERROR] [global-service]: ❌ Redis error:
2026-04-22 19:59:34 [ERROR] [global-service]: ❌ Redis error:
2026-04-22 19:59:35 [ERROR] [global-service]: ❌ Redis error:
2026-04-22 19:59:36 [ERROR] [global-service]: ❌ Redis error:
2026-04-22 19:59:37 [ERROR] [global-service]: ❌ Redis error:
2026-04-22 19:59:38 [ERROR] [global-service]: ❌ Redis error:
2026-04-22 19:59:40 [ERROR] [global-service]: ❌ Redis error:
2026-04-22 19:59:42 [ERROR] [global-service]: ❌ Redis error:
2026-04-22 19:59:43 [ERROR] [global-service]: ❌ Redis error:
2026-04-22 19:59:45 [ERROR] [global-service]: ❌ Redis error:
2026-04-22 20:18:40 [ERROR] [global-service]: ❌ Redis error:
2026-04-22 20:18:40 [ERROR] [global-service]: ❌ Redis error:
2026-04-22 20:18:41 [ERROR] [global-service]: ❌ Redis error:
2026-04-22 20:18:41 [ERROR] [global-service]: ❌ Redis error:
2026-04-22 20:18:42 [ERROR] [global-service]: ❌ Redis error:
2026-04-22 20:18:44 [ERROR] [global-service]: ❌ Redis error:
2026-04-22 20:18:45 [ERROR] [global-service]: ❌ Redis error:
2026-04-22 20:18:47 [ERROR] [global-service]: ❌ Redis error:
2026-04-22 20:18:48 [ERROR] [global-service]: ❌ Redis error:
2026-04-22 20:18:50 [ERROR] [global-service]: ❌ Redis error:
2026-04-22 20:18:52 [ERROR] [global-service]: ❌ Redis error:
2026-04-24 13:16:22 [ERROR] [global-service]: ❌ Redis error:
2026-04-24 13:16:22 [ERROR] [global-service]: ❌ Redis error:
2026-04-24 13:16:23 [ERROR] [global-service]: ❌ Redis error:
2026-04-24 13:16:23 [ERROR] [global-service]: ❌ Redis error:
2026-04-24 13:16:24 [ERROR] [global-service]: ❌ Redis error:
2026-04-24 13:16:25 [ERROR] [global-service]: ❌ Redis error:
2026-04-24 13:16:26 [ERROR] [global-service]: ❌ Redis error:
2026-04-24 13:16:28 [ERROR] [global-service]: ❌ Redis error:
2026-04-24 13:16:30 [ERROR] [global-service]: ❌ Redis error:
2026-04-24 13:16:31 [ERROR] [global-service]: ❌ Redis error:
2026-04-24 13:16:33 [ERROR] [global-service]: ❌ Redis error:
2026-04-24 16:07:01 [ERROR] [global-service]: ❌ Redis error:
2026-04-24 16:07:02 [ERROR] [global-service]: ❌ Redis error:
2026-04-24 16:07:02 [ERROR] [global-service]: ❌ Redis error:
2026-04-24 16:07:03 [ERROR] [global-service]: ❌ Redis error:
2026-04-24 16:07:04 [ERROR] [global-service]: ❌ Redis error:
2026-04-24 16:07:05 [ERROR] [global-service]: ❌ Redis error:
2026-04-24 16:07:06 [ERROR] [global-service]: ❌ Redis error:
2026-04-24 16:07:07 [ERROR] [global-service]: ❌ Redis error:
2026-04-24 16:07:09 [ERROR] [global-service]: ❌ Redis error:
2026-04-24 16:07:11 [ERROR] [global-service]: ❌ Redis error:
2026-04-24 16:07:13 [ERROR] [global-service]: ❌ Redis error:
2026-04-24 16:07:44 [ERROR] [global-service]: ❌ Redis error:
2026-04-24 16:07:44 [ERROR] [global-service]: ❌ Redis error:
2026-04-24 16:08:51 [ERROR] [global-service]: ❌ Redis error:
2026-04-24 16:09:14 [ERROR] [global-service]: ❌ Redis error:
2026-04-24 16:09:14 [ERROR] [global-service]: ❌ Redis error:
2026-04-24 16:09:15 [ERROR] [global-service]: ❌ Redis error:
2026-04-24 16:09:15 [ERROR] [global-service]: ❌ Redis error:
2026-04-24 16:09:16 [ERROR] [global-service]: ❌ Redis error:
2026-04-24 16:09:17 [ERROR] [global-service]: ❌ Redis error:
2026-04-24 16:09:18 [ERROR] [global-service]: ❌ Redis error:
2026-04-24 16:09:20 [ERROR] [global-service]: ❌ Redis error:
2026-04-24 16:09:21 [ERROR] [global-service]: ❌ Redis error:
2026-04-24 16:09:23 [ERROR] [global-service]: ❌ Redis error:
2026-04-24 16:09:25 [ERROR] [global-service]: ❌ Redis error:
2026-04-24 16:09:45 [ERROR] [global-service]: ❌ Redis error:
2026-04-24 16:09:45 [ERROR] [global-service]: ❌ Redis error:
2026-04-24 16:09:46 [ERROR] [global-service]: ❌ Redis error:
2026-04-24 16:09:47 [ERROR] [global-service]: ❌ Redis error:
2026-04-24 16:09:47 [ERROR] [global-service]: ❌ Redis error:
2026-04-24 16:09:48 [ERROR] [global-service]: ❌ Redis error:
2026-04-24 16:09:50 [ERROR] [global-service]: ❌ Redis error:
2026-04-24 16:09:51 [ERROR] [global-service]: ❌ Redis error:
2026-04-24 16:09:53 [ERROR] [global-service]: ❌ Redis error:
2026-04-24 16:09:54 [ERROR] [global-service]: ❌ Redis error:
2026-04-24 16:09:57 [ERROR] [global-service]: ❌ Redis error:
2026-04-24 16:10:05 [ERROR] [global-service]: ❌ Redis error:
2026-04-24 16:10:06 [ERROR] [global-service]: ❌ Redis error:
2026-04-24 16:10:06 [ERROR] [global-service]: ❌ Redis error:
2026-04-24 16:10:07 [ERROR] [global-service]: ❌ Redis error:
2026-04-24 16:10:08 [ERROR] [global-service]: ❌ Redis error:
2026-04-24 16:10:09 [ERROR] [global-service]: ❌ Redis error:
2026-04-24 16:10:10 [ERROR] [global-service]: ❌ Redis error:
2026-04-24 16:10:12 [ERROR] [global-service]: ❌ Redis error:
2026-04-24 16:10:13 [ERROR] [global-service]: ❌ Redis error:
2026-04-24 16:10:15 [ERROR] [global-service]: ❌ Redis error:
2026-04-24 16:10:17 [ERROR] [global-service]: ❌ Redis error:
2026-04-24 16:30:18 [ERROR] [global-service]: ❌ Redis error:
2026-04-24 16:30:18 [ERROR] [global-service]: ❌ Redis error:
2026-04-24 16:30:19 [ERROR] [global-service]: ❌ Redis error:
2026-04-24 16:30:19 [ERROR] [global-service]: ❌ Redis error:
2026-04-24 16:30:20 [ERROR] [global-service]: ❌ Redis error:
2026-04-24 16:30:21 [ERROR] [global-service]: ❌ Redis error:
2026-04-24 16:30:22 [ERROR] [global-service]: ❌ Redis error:
2026-04-24 16:30:27 [ERROR] [global-service]: ❌ Redis error:
2026-04-24 16:30:27 [ERROR] [global-service]: ❌ Redis error:
2026-04-24 16:30:28 [ERROR] [global-service]: ❌ Redis error:
2026-04-24 16:30:28 [ERROR] [global-service]: ❌ Redis error:
2026-04-24 16:30:29 [ERROR] [global-service]: ❌ Redis error:
2026-04-24 16:30:30 [ERROR] [global-service]: ❌ Redis error:
2026-04-24 16:30:31 [ERROR] [global-service]: ❌ Redis error:
2026-04-24 16:30:33 [ERROR] [global-service]: ❌ Redis error:
2026-04-24 16:30:34 [ERROR] [global-service]: ❌ Redis error:
2026-04-24 16:30:36 [ERROR] [global-service]: ❌ Redis error:
2026-04-24 16:30:38 [ERROR] [global-service]: ❌ Redis error:
2026-04-24 16:33:11 [ERROR] [users-service]: [Welcome Bonus Failed] User USR-4aa493e3-4a7c:
2026-04-25 13:12:15 [ERROR] [global-service]: ❌ Redis error:
2026-04-25 13:12:16 [ERROR] [global-service]: ❌ Redis error:
2026-04-25 13:12:16 [ERROR] [global-service]: ❌ Redis error:
2026-04-25 13:12:17 [ERROR] [global-service]: ❌ Redis error:
2026-04-25 13:12:17 [ERROR] [global-service]: ❌ Redis error:
2026-04-25 13:12:18 [ERROR] [global-service]: ❌ Redis error:
2026-04-25 13:12:20 [ERROR] [global-service]: ❌ Redis error:
2026-04-25 13:12:21 [ERROR] [global-service]: ❌ Redis error:
2026-04-25 13:12:23 [ERROR] [global-service]: ❌ Redis error:
2026-04-25 13:12:24 [ERROR] [global-service]: ❌ Redis error:
2026-04-25 13:12:26 [ERROR] [global-service]: ❌ Redis error:
2026-04-25 15:24:15 [ERROR] [global-service]: ❌ Redis error:
2026-04-25 15:24:16 [ERROR] [global-service]: ❌ Redis error:
2026-04-25 15:24:16 [ERROR] [global-service]: ❌ Redis error:
2026-04-25 15:24:17 [ERROR] [global-service]: ❌ Redis error:
2026-04-25 15:24:17 [ERROR] [global-service]: ❌ Redis error:
2026-04-25 15:24:18 [ERROR] [global-service]: ❌ Redis error:
2026-04-25 15:24:20 [ERROR] [global-service]: ❌ Redis error:
2026-04-25 15:24:21 [ERROR] [global-service]: ❌ Redis error:
2026-04-25 15:24:23 [ERROR] [global-service]: ❌ Redis error:
2026-04-25 15:24:24 [ERROR] [global-service]: ❌ Redis error:
2026-04-25 15:24:26 [ERROR] [global-service]: ❌ Redis error:
2026-04-25 16:17:28 [ERROR] [users-service]: Error tracking click: Incorrect arguments to mysqld_stmt_execute | Error: Incorrect arguments to mysqld_stmt_execute
2026-04-25 16:17:47 [ERROR] [users-service]: Error tracking click: Incorrect arguments to mysqld_stmt_execute | Error: Incorrect arguments to mysqld_stmt_execute
2026-04-25 16:17:54 [ERROR] [users-service]: Error tracking click: Incorrect arguments to mysqld_stmt_execute | Error: Incorrect arguments to mysqld_stmt_execute
2026-04-25 16:18:00 [ERROR] [users-service]: Error tracking click: Incorrect arguments to mysqld_stmt_execute | Error: Incorrect arguments to mysqld_stmt_execute
2026-04-25 16:18:31 [ERROR] [users-service]: Error tracking click: Incorrect arguments to mysqld_stmt_execute | Error: Incorrect arguments to mysqld_stmt_execute
2026-04-25 16:18:50 [ERROR] [users-service]: Error tracking click: Incorrect arguments to mysqld_stmt_execute | Error: Incorrect arguments to mysqld_stmt_execute
2026-04-25 16:19:37 [ERROR] [users-service]: Error tracking click: Incorrect arguments to mysqld_stmt_execute | Error: Incorrect arguments to mysqld_stmt_execute
2026-04-25 16:19:42 [ERROR] [users-service]: Error tracking click: Incorrect arguments to mysqld_stmt_execute | Error: Incorrect arguments to mysqld_stmt_execute
2026-04-25 16:38:59 [ERROR] [users-service]: Error tracking click: Incorrect arguments to mysqld_stmt_execute | Error: Incorrect arguments to mysqld_stmt_execute
2026-04-25 16:39:59 [ERROR] [users-service]: Error tracking click: Incorrect arguments to mysqld_stmt_execute | Error: Incorrect arguments to mysqld_stmt_execute
2026-04-25 16:50:39 [ERROR] [users-service]: Error tracking click: Incorrect arguments to mysqld_stmt_execute | Error: Incorrect arguments to mysqld_stmt_execute
2026-04-25 16:51:00 [ERROR] [users-service]: Error tracking click: Incorrect arguments to mysqld_stmt_execute | Error: Incorrect arguments to mysqld_stmt_execute
2026-04-25 16:55:44 [ERROR] [users-service]: Error tracking click: Incorrect arguments to mysqld_stmt_execute | Error: Incorrect arguments to mysqld_stmt_execute
2026-04-25 17:01:11 [ERROR] [users-service]: Error tracking click: Incorrect arguments to mysqld_stmt_execute | Error: Incorrect arguments to mysqld_stmt_execute
2026-04-25 17:02:29 [ERROR] [users-service]: Error tracking click: Incorrect arguments to mysqld_stmt_execute | Error: Incorrect arguments to mysqld_stmt_execute
2026-04-25 17:02:36 [ERROR] [users-service]: Error tracking click: Incorrect arguments to mysqld_stmt_execute | Error: Incorrect arguments to mysqld_stmt_execute
2026-04-25 17:06:33 [ERROR] [users-service]: Error tracking click: Incorrect arguments to mysqld_stmt_execute | Error: Incorrect arguments to mysqld_stmt_execute
2026-04-25 17:25:02 [ERROR] [users-service]: Error tracking click: Incorrect arguments to mysqld_stmt_execute | Error: Incorrect arguments to mysqld_stmt_execute
2026-04-28 11:19:59 [ERROR] [global-service]: ❌ Redis error:
