2026-04-18 15:20:56 [ERROR] [users-service]: uncaughtException: Unexpected token '}'
C:\Users\SMARTECH NETWORKS\OneDrive\Documents\-WELT-TALLIS-SIASA-HUB-APPLICATION-\server\users-service\src\controllers\loginAuthController.js:13
} = require("../../../global/index");
^

SyntaxError: Unexpected token '}'
    at wrapSafe (node:internal/modules/cjs/loader:1743:18)
    at Module._compile (node:internal/modules/cjs/loader:1786:20)
    at Object..js (node:internal/modules/cjs/loader:1943:10)
    at Module.load (node:internal/modules/cjs/loader:1533:32)
    at Module._load (node:internal/modules/cjs/loader:1335:12)
    at wrapModuleLoad (node:internal/modules/cjs/loader:255:19)
    at Module.require (node:internal/modules/cjs/loader:1556:12)
    at require (node:internal/modules/helpers:152:16)
    at Object.<anonymous> (C:\Users\SMARTECH NETWORKS\OneDrive\Documents\-WELT-TALLIS-SIASA-HUB-APPLICATION-\server\users-service\src\routes\users.js:26:5)
    at Module._compile (node:internal/modules/cjs/loader:1812:14) | C:\Users\SMARTECH NETWORKS\OneDrive\Documents\-WELT-TALLIS-SIASA-HUB-APPLICATION-\server\users-service\src\controllers\loginAuthController.js:13
2026-04-18 15:25:15 [ERROR] [users-service]: uncaughtException: Unexpected token '}'
C:\Users\SMARTECH NETWORKS\OneDrive\Documents\-WELT-TALLIS-SIASA-HUB-APPLICATION-\server\users-service\src\controllers\loginAuthController.js:13
} = require("../../../global/index");
^

SyntaxError: Unexpected token '}'
    at wrapSafe (node:internal/modules/cjs/loader:1743:18)
    at Module._compile (node:internal/modules/cjs/loader:1786:20)
    at Object..js (node:internal/modules/cjs/loader:1943:10)
    at Module.load (node:internal/modules/cjs/loader:1533:32)
    at Module._load (node:internal/modules/cjs/loader:1335:12)
    at wrapModuleLoad (node:internal/modules/cjs/loader:255:19)
    at Module.require (node:internal/modules/cjs/loader:1556:12)
    at require (node:internal/modules/helpers:152:16)
    at Object.<anonymous> (C:\Users\SMARTECH NETWORKS\OneDrive\Documents\-WELT-TALLIS-SIASA-HUB-APPLICATION-\server\users-service\src\routes\users.js:26:5)
    at Module._compile (node:internal/modules/cjs/loader:1812:14) | C:\Users\SMARTECH NETWORKS\OneDrive\Documents\-WELT-TALLIS-SIASA-HUB-APPLICATION-\server\users-service\src\controllers\loginAuthController.js:13
2026-04-28 11:19:59 [ERROR] [users-service]: uncaughtException: Cannot find module 'prom-client'
Require stack:
- C:\Users\SMARTECH NETWORKS\OneDrive\Documents\-WELT-TALLIS-SIASA-HUB-APPLICATION-\server\users-service\server.js
Error: Cannot find module 'prom-client'
Require stack:
- C:\Users\SMARTECH NETWORKS\OneDrive\Documents\-WELT-TALLIS-SIASA-HUB-APPLICATION-\server\users-service\server.js
    at Module._resolveFilename (node:internal/modules/cjs/loader:1456:15)
    at defaultResolveImpl (node:internal/modules/cjs/loader:1066:19)
    at resolveForCJSWithHooks (node:internal/modules/cjs/loader:1071:22)
    at Module._load (node:internal/modules/cjs/loader:1242:25)
    at wrapModuleLoad (node:internal/modules/cjs/loader:255:19)
    at Module.require (node:internal/modules/cjs/loader:1556:12)
    at require (node:internal/modules/helpers:152:16)
    at Object.<anonymous> (C:\Users\SMARTECH NETWORKS\OneDrive\Documents\-WELT-TALLIS-SIASA-HUB-APPLICATION-\server\users-service\server.js:16:16)
    at Module._compile (node:internal/modules/cjs/loader:1812:14)
    at Object..js (node:internal/modules/cjs/loader:1943:10) | Error: Cannot find module 'prom-client'
2026-04-28 11:19:59 [ERROR] [global-service]: uncaughtException: Cannot find module 'prom-client'
Require stack:
- C:\Users\SMARTECH NETWORKS\OneDrive\Documents\-WELT-TALLIS-SIASA-HUB-APPLICATION-\server\users-service\server.js
Error: Cannot find module 'prom-client'
Require stack:
- C:\Users\SMARTECH NETWORKS\OneDrive\Documents\-WELT-TALLIS-SIASA-HUB-APPLICATION-\server\users-service\server.js
    at Module._resolveFilename (node:internal/modules/cjs/loader:1456:15)
    at defaultResolveImpl (node:internal/modules/cjs/loader:1066:19)
    at resolveForCJSWithHooks (node:internal/modules/cjs/loader:1071:22)
    at Module._load (node:internal/modules/cjs/loader:1242:25)
    at wrapModuleLoad (node:internal/modules/cjs/loader:255:19)
    at Module.require (node:internal/modules/cjs/loader:1556:12)
    at require (node:internal/modules/helpers:152:16)
    at Object.<anonymous> (C:\Users\SMARTECH NETWORKS\OneDrive\Documents\-WELT-TALLIS-SIASA-HUB-APPLICATION-\server\users-service\server.js:16:16)
    at Module._compile (node:internal/modules/cjs/loader:1812:14)
    at Object..js (node:internal/modules/cjs/loader:1943:10) | Error: Cannot find module 'prom-client'
2026-04-28 12:26:05 [ERROR] [users-service]: uncaughtException: Cannot find module 'prom-client'
Require stack:
- C:\Users\SMARTECH NETWORKS\OneDrive\Documents\-WELT-TALLIS-SIASA-HUB-APPLICATION-\server\users-service\server.js
Error: Cannot find module 'prom-client'
Require stack:
- C:\Users\SMARTECH NETWORKS\OneDrive\Documents\-WELT-TALLIS-SIASA-HUB-APPLICATION-\server\users-service\server.js
    at Module._resolveFilename (node:internal/modules/cjs/loader:1456:15)
    at defaultResolveImpl (node:internal/modules/cjs/loader:1066:19)
    at resolveForCJSWithHooks (node:internal/modules/cjs/loader:1071:22)
    at Module._load (node:internal/modules/cjs/loader:1242:25)
    at wrapModuleLoad (node:internal/modules/cjs/loader:255:19)
    at Module.require (node:internal/modules/cjs/loader:1556:12)
    at require (node:internal/modules/helpers:152:16)
    at Object.<anonymous> (C:\Users\SMARTECH NETWORKS\OneDrive\Documents\-WELT-TALLIS-SIASA-HUB-APPLICATION-\server\users-service\server.js:16:16)
    at Module._compile (node:internal/modules/cjs/loader:1812:14)
    at Object..js (node:internal/modules/cjs/loader:1943:10) | Error: Cannot find module 'prom-client'
2026-04-28 12:26:05 [ERROR] [global-service]: uncaughtException: Cannot find module 'prom-client'
Require stack:
- C:\Users\SMARTECH NETWORKS\OneDrive\Documents\-WELT-TALLIS-SIASA-HUB-APPLICATION-\server\users-service\server.js
Error: Cannot find module 'prom-client'
Require stack:
- C:\Users\SMARTECH NETWORKS\OneDrive\Documents\-WELT-TALLIS-SIASA-HUB-APPLICATION-\server\users-service\server.js
    at Module._resolveFilename (node:internal/modules/cjs/loader:1456:15)
    at defaultResolveImpl (node:internal/modules/cjs/loader:1066:19)
    at resolveForCJSWithHooks (node:internal/modules/cjs/loader:1071:22)
    at Module._load (node:internal/modules/cjs/loader:1242:25)
    at wrapModuleLoad (node:internal/modules/cjs/loader:255:19)
    at Module.require (node:internal/modules/cjs/loader:1556:12)
    at require (node:internal/modules/helpers:152:16)
    at Object.<anonymous> (C:\Users\SMARTECH NETWORKS\OneDrive\Documents\-WELT-TALLIS-SIASA-HUB-APPLICATION-\server\users-service\server.js:16:16)
    at Module._compile (node:internal/modules/cjs/loader:1812:14)
    at Object..js (node:internal/modules/cjs/loader:1943:10) | Error: Cannot find module 'prom-client'
2026-04-28 12:26:43 [ERROR] [users-service]: uncaughtException: Cannot find module 'prom-client'
Require stack:
- C:\Users\SMARTECH NETWORKS\OneDrive\Documents\-WELT-TALLIS-SIASA-HUB-APPLICATION-\server\users-service\server.js
Error: Cannot find module 'prom-client'
Require stack:
- C:\Users\SMARTECH NETWORKS\OneDrive\Documents\-WELT-TALLIS-SIASA-HUB-APPLICATION-\server\users-service\server.js
    at Module._resolveFilename (node:internal/modules/cjs/loader:1456:15)
    at defaultResolveImpl (node:internal/modules/cjs/loader:1066:19)
    at resolveForCJSWithHooks (node:internal/modules/cjs/loader:1071:22)
    at Module._load (node:internal/modules/cjs/loader:1242:25)
    at wrapModuleLoad (node:internal/modules/cjs/loader:255:19)
    at Module.require (node:internal/modules/cjs/loader:1556:12)
    at require (node:internal/modules/helpers:152:16)
    at Object.<anonymous> (C:\Users\SMARTECH NETWORKS\OneDrive\Documents\-WELT-TALLIS-SIASA-HUB-APPLICATION-\server\users-service\server.js:16:16)
    at Module._compile (node:internal/modules/cjs/loader:1812:14)
    at Object..js (node:internal/modules/cjs/loader:1943:10) | Error: Cannot find module 'prom-client'
2026-04-28 12:26:43 [ERROR] [global-service]: uncaughtException: Cannot find module 'prom-client'
Require stack:
- C:\Users\SMARTECH NETWORKS\OneDrive\Documents\-WELT-TALLIS-SIASA-HUB-APPLICATION-\server\users-service\server.js
Error: Cannot find module 'prom-client'
Require stack:
- C:\Users\SMARTECH NETWORKS\OneDrive\Documents\-WELT-TALLIS-SIASA-HUB-APPLICATION-\server\users-service\server.js
    at Module._resolveFilename (node:internal/modules/cjs/loader:1456:15)
    at defaultResolveImpl (node:internal/modules/cjs/loader:1066:19)
    at resolveForCJSWithHooks (node:internal/modules/cjs/loader:1071:22)
    at Module._load (node:internal/modules/cjs/loader:1242:25)
    at wrapModuleLoad (node:internal/modules/cjs/loader:255:19)
    at Module.require (node:internal/modules/cjs/loader:1556:12)
    at require (node:internal/modules/helpers:152:16)
    at Object.<anonymous> (C:\Users\SMARTECH NETWORKS\OneDrive\Documents\-WELT-TALLIS-SIASA-HUB-APPLICATION-\server\users-service\server.js:16:16)
    at Module._compile (node:internal/modules/cjs/loader:1812:14)
    at Object..js (node:internal/modules/cjs/loader:1943:10) | Error: Cannot find module 'prom-client'
2026-04-28 12:31:44 [ERROR] [users-service]: uncaughtException: Cannot find module 'prom-client'
Require stack:
- C:\Users\SMARTECH NETWORKS\OneDrive\Documents\-WELT-TALLIS-SIASA-HUB-APPLICATION-\server\users-service\server.js
Error: Cannot find module 'prom-client'
Require stack:
- C:\Users\SMARTECH NETWORKS\OneDrive\Documents\-WELT-TALLIS-SIASA-HUB-APPLICATION-\server\users-service\server.js
    at Module._resolveFilename (node:internal/modules/cjs/loader:1456:15)
    at defaultResolveImpl (node:internal/modules/cjs/loader:1066:19)
    at resolveForCJSWithHooks (node:internal/modules/cjs/loader:1071:22)
    at Module._load (node:internal/modules/cjs/loader:1242:25)
    at wrapModuleLoad (node:internal/modules/cjs/loader:255:19)
    at Module.require (node:internal/modules/cjs/loader:1556:12)
    at require (node:internal/modules/helpers:152:16)
    at Object.<anonymous> (C:\Users\SMARTECH NETWORKS\OneDrive\Documents\-WELT-TALLIS-SIASA-HUB-APPLICATION-\server\users-service\server.js:16:16)
    at Module._compile (node:internal/modules/cjs/loader:1812:14)
    at Object..js (node:internal/modules/cjs/loader:1943:10) | Error: Cannot find module 'prom-client'
2026-04-28 12:31:44 [ERROR] [global-service]: uncaughtException: Cannot find module 'prom-client'
Require stack:
- C:\Users\SMARTECH NETWORKS\OneDrive\Documents\-WELT-TALLIS-SIASA-HUB-APPLICATION-\server\users-service\server.js
Error: Cannot find module 'prom-client'
Require stack:
- C:\Users\SMARTECH NETWORKS\OneDrive\Documents\-WELT-TALLIS-SIASA-HUB-APPLICATION-\server\users-service\server.js
    at Module._resolveFilename (node:internal/modules/cjs/loader:1456:15)
    at defaultResolveImpl (node:internal/modules/cjs/loader:1066:19)
    at resolveForCJSWithHooks (node:internal/modules/cjs/loader:1071:22)
    at Module._load (node:internal/modules/cjs/loader:1242:25)
    at wrapModuleLoad (node:internal/modules/cjs/loader:255:19)
    at Module.require (node:internal/modules/cjs/loader:1556:12)
    at require (node:internal/modules/helpers:152:16)
    at Object.<anonymous> (C:\Users\SMARTECH NETWORKS\OneDrive\Documents\-WELT-TALLIS-SIASA-HUB-APPLICATION-\server\users-service\server.js:16:16)
    at Module._compile (node:internal/modules/cjs/loader:1812:14)
    at Object..js (node:internal/modules/cjs/loader:1943:10) | Error: Cannot find module 'prom-client'
2026-04-28 12:33:33 [ERROR] [users-service]: uncaughtException: Cannot find module 'prom-client'
Require stack:
- C:\Users\SMARTECH NETWORKS\OneDrive\Documents\-WELT-TALLIS-SIASA-HUB-APPLICATION-\server\users-service\server.js
Error: Cannot find module 'prom-client'
Require stack:
- C:\Users\SMARTECH NETWORKS\OneDrive\Documents\-WELT-TALLIS-SIASA-HUB-APPLICATION-\server\users-service\server.js
    at Module._resolveFilename (node:internal/modules/cjs/loader:1456:15)
    at defaultResolveImpl (node:internal/modules/cjs/loader:1066:19)
    at resolveForCJSWithHooks (node:internal/modules/cjs/loader:1071:22)
    at Module._load (node:internal/modules/cjs/loader:1242:25)
    at wrapModuleLoad (node:internal/modules/cjs/loader:255:19)
    at Module.require (node:internal/modules/cjs/loader:1556:12)
    at require (node:internal/modules/helpers:152:16)
    at Object.<anonymous> (C:\Users\SMARTECH NETWORKS\OneDrive\Documents\-WELT-TALLIS-SIASA-HUB-APPLICATION-\server\users-service\server.js:16:16)
    at Module._compile (node:internal/modules/cjs/loader:1812:14)
    at Object..js (node:internal/modules/cjs/loader:1943:10) | Error: Cannot find module 'prom-client'
2026-04-28 12:33:33 [ERROR] [global-service]: uncaughtException: Cannot find module 'prom-client'
Require stack:
- C:\Users\SMARTECH NETWORKS\OneDrive\Documents\-WELT-TALLIS-SIASA-HUB-APPLICATION-\server\users-service\server.js
Error: Cannot find module 'prom-client'
Require stack:
- C:\Users\SMARTECH NETWORKS\OneDrive\Documents\-WELT-TALLIS-SIASA-HUB-APPLICATION-\server\users-service\server.js
    at Module._resolveFilename (node:internal/modules/cjs/loader:1456:15)
    at defaultResolveImpl (node:internal/modules/cjs/loader:1066:19)
    at resolveForCJSWithHooks (node:internal/modules/cjs/loader:1071:22)
    at Module._load (node:internal/modules/cjs/loader:1242:25)
    at wrapModuleLoad (node:internal/modules/cjs/loader:255:19)
    at Module.require (node:internal/modules/cjs/loader:1556:12)
    at require (node:internal/modules/helpers:152:16)
    at Object.<anonymous> (C:\Users\SMARTECH NETWORKS\OneDrive\Documents\-WELT-TALLIS-SIASA-HUB-APPLICATION-\server\users-service\server.js:16:16)
    at Module._compile (node:internal/modules/cjs/loader:1812:14)
    at Object..js (node:internal/modules/cjs/loader:1943:10) | Error: Cannot find module 'prom-client'
2026-04-28 12:48:25 [ERROR] [users-service]: uncaughtException: Cannot find module 'prom-client'
Require stack:
- C:\Users\SMARTECH NETWORKS\OneDrive\Documents\-WELT-TALLIS-SIASA-HUB-APPLICATION-\server\users-service\server.js
Error: Cannot find module 'prom-client'
Require stack:
- C:\Users\SMARTECH NETWORKS\OneDrive\Documents\-WELT-TALLIS-SIASA-HUB-APPLICATION-\server\users-service\server.js
    at Module._resolveFilename (node:internal/modules/cjs/loader:1456:15)
    at defaultResolveImpl (node:internal/modules/cjs/loader:1066:19)
    at resolveForCJSWithHooks (node:internal/modules/cjs/loader:1071:22)
    at Module._load (node:internal/modules/cjs/loader:1242:25)
    at wrapModuleLoad (node:internal/modules/cjs/loader:255:19)
    at Module.require (node:internal/modules/cjs/loader:1556:12)
    at require (node:internal/modules/helpers:152:16)
    at Object.<anonymous> (C:\Users\SMARTECH NETWORKS\OneDrive\Documents\-WELT-TALLIS-SIASA-HUB-APPLICATION-\server\users-service\server.js:16:16)
    at Module._compile (node:internal/modules/cjs/loader:1812:14)
    at Object..js (node:internal/modules/cjs/loader:1943:10) | Error: Cannot find module 'prom-client'
2026-04-28 12:48:25 [ERROR] [global-service]: uncaughtException: Cannot find module 'prom-client'
Require stack:
- C:\Users\SMARTECH NETWORKS\OneDrive\Documents\-WELT-TALLIS-SIASA-HUB-APPLICATION-\server\users-service\server.js
Error: Cannot find module 'prom-client'
Require stack:
- C:\Users\SMARTECH NETWORKS\OneDrive\Documents\-WELT-TALLIS-SIASA-HUB-APPLICATION-\server\users-service\server.js
    at Module._resolveFilename (node:internal/modules/cjs/loader:1456:15)
    at defaultResolveImpl (node:internal/modules/cjs/loader:1066:19)
    at resolveForCJSWithHooks (node:internal/modules/cjs/loader:1071:22)
    at Module._load (node:internal/modules/cjs/loader:1242:25)
    at wrapModuleLoad (node:internal/modules/cjs/loader:255:19)
    at Module.require (node:internal/modules/cjs/loader:1556:12)
    at require (node:internal/modules/helpers:152:16)
    at Object.<anonymous> (C:\Users\SMARTECH NETWORKS\OneDrive\Documents\-WELT-TALLIS-SIASA-HUB-APPLICATION-\server\users-service\server.js:16:16)
    at Module._compile (node:internal/modules/cjs/loader:1812:14)
    at Object..js (node:internal/modules/cjs/loader:1943:10) | Error: Cannot find module 'prom-client'
2026-04-28 12:50:25 [ERROR] [users-service]: uncaughtException: Cannot find module 'prom-client'
Require stack:
- C:\Users\SMARTECH NETWORKS\OneDrive\Documents\-WELT-TALLIS-SIASA-HUB-APPLICATION-\server\users-service\server.js
Error: Cannot find module 'prom-client'
Require stack:
- C:\Users\SMARTECH NETWORKS\OneDrive\Documents\-WELT-TALLIS-SIASA-HUB-APPLICATION-\server\users-service\server.js
    at Module._resolveFilename (node:internal/modules/cjs/loader:1456:15)
    at defaultResolveImpl (node:internal/modules/cjs/loader:1066:19)
    at resolveForCJSWithHooks (node:internal/modules/cjs/loader:1071:22)
    at Module._load (node:internal/modules/cjs/loader:1242:25)
    at wrapModuleLoad (node:internal/modules/cjs/loader:255:19)
    at Module.require (node:internal/modules/cjs/loader:1556:12)
    at require (node:internal/modules/helpers:152:16)
    at Object.<anonymous> (C:\Users\SMARTECH NETWORKS\OneDrive\Documents\-WELT-TALLIS-SIASA-HUB-APPLICATION-\server\users-service\server.js:16:16)
    at Module._compile (node:internal/modules/cjs/loader:1812:14)
    at Object..js (node:internal/modules/cjs/loader:1943:10) | Error: Cannot find module 'prom-client'
2026-04-28 12:50:25 [ERROR] [global-service]: uncaughtException: Cannot find module 'prom-client'
Require stack:
- C:\Users\SMARTECH NETWORKS\OneDrive\Documents\-WELT-TALLIS-SIASA-HUB-APPLICATION-\server\users-service\server.js
Error: Cannot find module 'prom-client'
Require stack:
- C:\Users\SMARTECH NETWORKS\OneDrive\Documents\-WELT-TALLIS-SIASA-HUB-APPLICATION-\server\users-service\server.js
    at Module._resolveFilename (node:internal/modules/cjs/loader:1456:15)
    at defaultResolveImpl (node:internal/modules/cjs/loader:1066:19)
    at resolveForCJSWithHooks (node:internal/modules/cjs/loader:1071:22)
    at Module._load (node:internal/modules/cjs/loader:1242:25)
    at wrapModuleLoad (node:internal/modules/cjs/loader:255:19)
    at Module.require (node:internal/modules/cjs/loader:1556:12)
    at require (node:internal/modules/helpers:152:16)
    at Object.<anonymous> (C:\Users\SMARTECH NETWORKS\OneDrive\Documents\-WELT-TALLIS-SIASA-HUB-APPLICATION-\server\users-service\server.js:16:16)
    at Module._compile (node:internal/modules/cjs/loader:1812:14)
    at Object..js (node:internal/modules/cjs/loader:1943:10) | Error: Cannot find module 'prom-client'
2026-04-28 12:50:40 [ERROR] [users-service]: uncaughtException: Cannot find module 'prom-client'
Require stack:
- C:\Users\SMARTECH NETWORKS\OneDrive\Documents\-WELT-TALLIS-SIASA-HUB-APPLICATION-\server\users-service\server.js
Error: Cannot find module 'prom-client'
Require stack:
- C:\Users\SMARTECH NETWORKS\OneDrive\Documents\-WELT-TALLIS-SIASA-HUB-APPLICATION-\server\users-service\server.js
    at Module._resolveFilename (node:internal/modules/cjs/loader:1456:15)
    at defaultResolveImpl (node:internal/modules/cjs/loader:1066:19)
    at resolveForCJSWithHooks (node:internal/modules/cjs/loader:1071:22)
    at Module._load (node:internal/modules/cjs/loader:1242:25)
    at wrapModuleLoad (node:internal/modules/cjs/loader:255:19)
    at Module.require (node:internal/modules/cjs/loader:1556:12)
    at require (node:internal/modules/helpers:152:16)
    at Object.<anonymous> (C:\Users\SMARTECH NETWORKS\OneDrive\Documents\-WELT-TALLIS-SIASA-HUB-APPLICATION-\server\users-service\server.js:16:16)
    at Module._compile (node:internal/modules/cjs/loader:1812:14)
    at Object..js (node:internal/modules/cjs/loader:1943:10) | Error: Cannot find module 'prom-client'
2026-04-28 12:50:40 [ERROR] [global-service]: uncaughtException: Cannot find module 'prom-client'
Require stack:
- C:\Users\SMARTECH NETWORKS\OneDrive\Documents\-WELT-TALLIS-SIASA-HUB-APPLICATION-\server\users-service\server.js
Error: Cannot find module 'prom-client'
Require stack:
- C:\Users\SMARTECH NETWORKS\OneDrive\Documents\-WELT-TALLIS-SIASA-HUB-APPLICATION-\server\users-service\server.js
    at Module._resolveFilename (node:internal/modules/cjs/loader:1456:15)
    at defaultResolveImpl (node:internal/modules/cjs/loader:1066:19)
    at resolveForCJSWithHooks (node:internal/modules/cjs/loader:1071:22)
    at Module._load (node:internal/modules/cjs/loader:1242:25)
    at wrapModuleLoad (node:internal/modules/cjs/loader:255:19)
    at Module.require (node:internal/modules/cjs/loader:1556:12)
    at require (node:internal/modules/helpers:152:16)
    at Object.<anonymous> (C:\Users\SMARTECH NETWORKS\OneDrive\Documents\-WELT-TALLIS-SIASA-HUB-APPLICATION-\server\users-service\server.js:16:16)
    at Module._compile (node:internal/modules/cjs/loader:1812:14)
    at Object..js (node:internal/modules/cjs/loader:1943:10) | Error: Cannot find module 'prom-client'
2026-05-16 19:25:20 [ERROR] [users-service]: uncaughtException: knex: Required configuration option 'client' is missing.
Error: knex: Required configuration option 'client' is missing.
    at new Client (C:\Users\SMARTECH NETWORKS\OneDrive\Documents\-WELT-TALLIS-SIASA-HUB-APPLICATION-\server\users-service\node_modules\knex\lib\client.js:63:13)
    at knex (C:\Users\SMARTECH NETWORKS\OneDrive\Documents\-WELT-TALLIS-SIASA-HUB-APPLICATION-\server\users-service\node_modules\knex\lib\knex-builder\Knex.js:16:28)
    at Object.<anonymous> (C:\Users\SMARTECH NETWORKS\OneDrive\Documents\-WELT-TALLIS-SIASA-HUB-APPLICATION-\server\users-service\server.js:16:12)
    at Module._compile (node:internal/modules/cjs/loader:1812:14)
    at Object..js (node:internal/modules/cjs/loader:1943:10)
    at Module.load (node:internal/modules/cjs/loader:1533:32)
    at Module._load (node:internal/modules/cjs/loader:1335:12)
    at wrapModuleLoad (node:internal/modules/cjs/loader:255:19)
    at Module.executeUserEntryPoint [as runMain] (node:internal/modules/run_main:154:5)
    at node:internal/main/run_main_module:33:47 | Error: knex: Required configuration option 'client' is missing.
2026-05-16 19:25:20 [ERROR] [global-service]: uncaughtException: knex: Required configuration option 'client' is missing.
Error: knex: Required configuration option 'client' is missing.
    at new Client (C:\Users\SMARTECH NETWORKS\OneDrive\Documents\-WELT-TALLIS-SIASA-HUB-APPLICATION-\server\users-service\node_modules\knex\lib\client.js:63:13)
    at knex (C:\Users\SMARTECH NETWORKS\OneDrive\Documents\-WELT-TALLIS-SIASA-HUB-APPLICATION-\server\users-service\node_modules\knex\lib\knex-builder\Knex.js:16:28)
    at Object.<anonymous> (C:\Users\SMARTECH NETWORKS\OneDrive\Documents\-WELT-TALLIS-SIASA-HUB-APPLICATION-\server\users-service\server.js:16:12)
    at Module._compile (node:internal/modules/cjs/loader:1812:14)
    at Object..js (node:internal/modules/cjs/loader:1943:10)
    at Module.load (node:internal/modules/cjs/loader:1533:32)
    at Module._load (node:internal/modules/cjs/loader:1335:12)
    at wrapModuleLoad (node:internal/modules/cjs/loader:255:19)
    at Module.executeUserEntryPoint [as runMain] (node:internal/modules/run_main:154:5)
    at node:internal/main/run_main_module:33:47 | Error: knex: Required configuration option 'client' is missing.
2026-05-16 19:26:04 [ERROR] [users-service]: uncaughtException: knex: Required configuration option 'client' is missing.
Error: knex: Required configuration option 'client' is missing.
    at new Client (C:\Users\SMARTECH NETWORKS\OneDrive\Documents\-WELT-TALLIS-SIASA-HUB-APPLICATION-\server\users-service\node_modules\knex\lib\client.js:63:13)
    at knex (C:\Users\SMARTECH NETWORKS\OneDrive\Documents\-WELT-TALLIS-SIASA-HUB-APPLICATION-\server\users-service\node_modules\knex\lib\knex-builder\Knex.js:16:28)
    at Object.<anonymous> (C:\Users\SMARTECH NETWORKS\OneDrive\Documents\-WELT-TALLIS-SIASA-HUB-APPLICATION-\server\users-service\server.js:16:12)
    at Module._compile (node:internal/modules/cjs/loader:1812:14)
    at Object..js (node:internal/modules/cjs/loader:1943:10)
    at Module.load (node:internal/modules/cjs/loader:1533:32)
    at Module._load (node:internal/modules/cjs/loader:1335:12)
    at wrapModuleLoad (node:internal/modules/cjs/loader:255:19)
    at Module.executeUserEntryPoint [as runMain] (node:internal/modules/run_main:154:5)
    at node:internal/main/run_main_module:33:47 | Error: knex: Required configuration option 'client' is missing.
2026-05-16 19:26:04 [ERROR] [global-service]: uncaughtException: knex: Required configuration option 'client' is missing.
Error: knex: Required configuration option 'client' is missing.
    at new Client (C:\Users\SMARTECH NETWORKS\OneDrive\Documents\-WELT-TALLIS-SIASA-HUB-APPLICATION-\server\users-service\node_modules\knex\lib\client.js:63:13)
    at knex (C:\Users\SMARTECH NETWORKS\OneDrive\Documents\-WELT-TALLIS-SIASA-HUB-APPLICATION-\server\users-service\node_modules\knex\lib\knex-builder\Knex.js:16:28)
    at Object.<anonymous> (C:\Users\SMARTECH NETWORKS\OneDrive\Documents\-WELT-TALLIS-SIASA-HUB-APPLICATION-\server\users-service\server.js:16:12)
    at Module._compile (node:internal/modules/cjs/loader:1812:14)
    at Object..js (node:internal/modules/cjs/loader:1943:10)
    at Module.load (node:internal/modules/cjs/loader:1533:32)
    at Module._load (node:internal/modules/cjs/loader:1335:12)
    at wrapModuleLoad (node:internal/modules/cjs/loader:255:19)
    at Module.executeUserEntryPoint [as runMain] (node:internal/modules/run_main:154:5)
    at node:internal/main/run_main_module:33:47 | Error: knex: Required configuration option 'client' is missing.
